[2025-05-29T15:45:51.046Z] [INFO] Starting Adobe invoice fetch process
[2025-05-29T15:45:51.047Z] [INFO] Connecting to Adobe portal: https://auth.services.adobe.com
[2025-05-29T15:45:51.051Z] [ERROR] Error during Adobe invoice fetch: Error: browserType.launch: Executable doesn't exist at /Users/fred/Library/Caches/ms-playwright/chromium_headless_shell-1169/chrome-mac/headless_shell
╔═════════════════════════════════════════════════════════════════════════╗
║ Looks like Playwright Test or Playwright was just installed or updated. ║
║ Please run the following command to download new browsers:              ║
║                                                                         ║
║     npx playwright install                                              ║
║                                                                         ║
║ <3 Playwright Team                                                      ║
╚═════════════════════════════════════════════════════════════════════════╝
[2025-05-29T15:47:38.374Z] [INFO] Starting Adobe invoice fetch process
[2025-05-29T15:47:38.374Z] [INFO] Connecting to Adobe portal: https://auth.services.adobe.com
[2025-05-29T15:47:39.824Z] [INFO] Attempting to login to Adobe portal
[2025-05-29T15:48:10.079Z] [ERROR] Login failed: TimeoutError: page.waitForSelector: Timeout 30000ms exceeded.
Call log:
[2m  - waiting for locator('input[type="email"]') to be visible[22m

[2025-05-29T15:48:10.080Z] [ERROR] Error during Adobe invoice fetch: TimeoutError: page.waitForSelector: Timeout 30000ms exceeded.
Call log:
[2m  - waiting for locator('input[type="email"]') to be visible[22m

[2025-05-29T15:49:08.210Z] [INFO] Starting Adobe invoice fetch process
[2025-05-29T15:49:08.211Z] [INFO] Connecting to Adobe portal: https://auth.services.adobe.com
[2025-05-29T15:49:08.492Z] [INFO] Attempting to login to Adobe portal
[2025-05-29T15:49:39.043Z] [ERROR] Login failed: TimeoutError: page.waitForSelector: Timeout 30000ms exceeded.
Call log:
[2m  - waiting for locator('input[type="email"]') to be visible[22m

[2025-05-29T15:49:39.044Z] [ERROR] Error during Adobe invoice fetch: TimeoutError: page.waitForSelector: Timeout 30000ms exceeded.
Call log:
[2m  - waiting for locator('input[type="email"]') to be visible[22m

[2025-05-29T15:58:06.582Z] [INFO] Starting Adobe invoice fetch process
[2025-05-29T15:58:06.583Z] [INFO] Connecting to Adobe portal: https://auth.services.adobe.com
[2025-05-29T15:58:07.037Z] [INFO] Attempting to login to Adobe portal
[2025-05-29T15:58:37.504Z] [ERROR] Login failed: TimeoutError: page.waitForSelector: Timeout 30000ms exceeded.
Call log:
[2m  - waiting for locator('input[type="email"]') to be visible[22m

[2025-05-29T15:58:37.505Z] [ERROR] Error during Adobe invoice fetch: TimeoutError: page.waitForSelector: Timeout 30000ms exceeded.
Call log:
[2m  - waiting for locator('input[type="email"]') to be visible[22m

[2025-05-29T15:58:48.276Z] [INFO] Starting Adobe invoice fetch process
[2025-05-29T15:58:48.277Z] [INFO] Connecting to Adobe portal: https://auth.services.adobe.com
[2025-05-29T15:58:48.620Z] [INFO] Attempting to login to Adobe portal
[2025-05-29T15:59:19.060Z] [ERROR] Login failed: TimeoutError: page.waitForSelector: Timeout 30000ms exceeded.
Call log:
[2m  - waiting for locator('input[type="email"]') to be visible[22m

[2025-05-29T15:59:19.061Z] [ERROR] Error during Adobe invoice fetch: TimeoutError: page.waitForSelector: Timeout 30000ms exceeded.
Call log:
[2m  - waiting for locator('input[type="email"]') to be visible[22m

[2025-05-29T20:30:32.392Z] [INFO] Starting Adobe invoice fetch process
[2025-05-29T20:30:32.392Z] [INFO] Connecting to Adobe portal: https://auth.services.adobe.com
[2025-05-29T20:30:32.755Z] [INFO] Attempting to login to Adobe portal
[2025-05-29T20:31:03.219Z] [ERROR] Login failed: TimeoutError: page.waitForSelector: Timeout 30000ms exceeded.
Call log:
[2m  - waiting for locator('input[type="email"]') to be visible[22m

[2025-05-29T20:31:03.219Z] [ERROR] Error during Adobe invoice fetch: TimeoutError: page.waitForSelector: Timeout 30000ms exceeded.
Call log:
[2m  - waiting for locator('input[type="email"]') to be visible[22m

[2025-05-29T20:31:42.898Z] [INFO] Starting Adobe invoice fetch process
[2025-05-29T20:31:42.898Z] [INFO] Connecting to Adobe portal: https://auth.services.adobe.com
[2025-05-29T20:31:43.191Z] [INFO] Attempting to login to Adobe portal
[2025-05-29T20:32:13.690Z] [ERROR] Login failed: TimeoutError: page.waitForSelector: Timeout 30000ms exceeded.
Call log:
[2m  - waiting for locator('input[type="email"]') to be visible[22m

[2025-05-29T20:32:13.690Z] [ERROR] Error during Adobe invoice fetch: TimeoutError: page.waitForSelector: Timeout 30000ms exceeded.
Call log:
[2m  - waiting for locator('input[type="email"]') to be visible[22m

[2025-05-29T20:37:21.207Z] [INFO] Starting Adobe invoice fetch process
[2025-05-29T20:37:21.208Z] [INFO] Connecting to Adobe portal: https://auth.services.adobe.com/fr_FR/deeplink.html?deeplink=ssofirst&callback=https%3A%2F%2Fims-na1.adobelogin.com%2Fims%2Fadobeid%2Fadobedotcom2%2FAdobeID%2Ftoken%3Fredirect_uri%3Dhttps%253A%252F%252Faccount.adobe.com%252F%2523from_ims%253Dtrue%2526old_hash%253D%2526api%253Dauthorize%26scope%3DAdobeID%252Copenid%252Cgnav%252Ccreative_cloud%252Ccreative_sdk%252Cprofile%252Caddress%252Cemail%252Cread_organizations%252Cadditional_info.projectedProductContext%252Cadditional_info.roles&client_id=adobedotcom2
[2025-05-29T20:37:21.609Z] [INFO] Attempting to login to Adobe portal
[2025-05-29T20:37:21.609Z] [INFO] Navigating to login URL: https://auth.services.adobe.com/fr_FR/deeplink.html?deeplink=ssofirst&callback=https%3A%2F%2Fims-na1.adobelogin.com%2Fims%2Fadobeid%2Fadobedotcom2%2FAdobeID%2Ftoken%3Fredirect_uri%3Dhttps%253A%252F%252Faccount.adobe.com%252F%2523from_ims%253Dtrue%2526old_hash%253D%2526api%253Dauthorize%26scope%3DAdobeID%252Copenid%252Cgnav%252Ccreative_cloud%252Ccreative_sdk%252Cprofile%252Caddress%252Cemail%252Cread_organizations%252Cadditional_info.projectedProductContext%252Cadditional_info.roles&client_id=adobedotcom2
[2025-05-29T20:37:22.746Z] [INFO] Current page URL after navigation: https://auth.services.adobe.com/fr_FR/deeplink.html?deeplink=ssofirst&callback=https%3A%2F%2Fims-na1.adobelogin.com%2Fims%2Fadobeid%2Fadobedotcom2%2FAdobeID%2Ftoken%3Fredirect_uri%3Dhttps%253A%252F%252Faccount.adobe.com%252F%2523from_ims%253Dtrue%2526old_hash%253D%2526api%253Dauthorize%26scope%3DAdobeID%252Copenid%252Cgnav%252Ccreative_cloud%252Ccreative_sdk%252Cprofile%252Caddress%252Cemail%252Cread_organizations%252Cadditional_info.projectedProductContext%252Cadditional_info.roles&client_id=adobedotcom2#/
[2025-05-29T20:37:22.869Z] [INFO] Screenshot saved to: /Users/fred/PhpstormProjects/easyinvoice/logs/adobe-login-page.png
[2025-05-29T20:37:22.870Z] [INFO] Page title: Adobe ID
[2025-05-29T20:37:22.870Z] [INFO] Waiting for email input field...
[2025-05-29T20:37:22.882Z] [INFO] Email input field found
[2025-05-29T20:37:22.931Z] [INFO] Waiting for password field...
[2025-05-29T20:38:22.944Z] [ERROR] Login failed: TimeoutError: page.waitForSelector: Timeout 60000ms exceeded.
Call log:
[2m  - waiting for locator('input[type="password"]') to be visible[22m
[2m    9 × locator resolved to hidden <input name="passwd" tabindex="-1" type="password" aria-hidden="true" placeholder="Password" autocomplete="current-password"/>[22m

[2025-05-29T20:38:22.949Z] [ERROR] Error during Adobe invoice fetch: TimeoutError: page.waitForSelector: Timeout 60000ms exceeded.
Call log:
[2m  - waiting for locator('input[type="password"]') to be visible[22m
[2m    9 × locator resolved to hidden <input name="passwd" tabindex="-1" type="password" aria-hidden="true" placeholder="Password" autocomplete="current-password"/>[22m

[2025-05-29T20:43:42.166Z] [INFO] Starting Adobe invoice fetch process
[2025-05-29T20:43:42.167Z] [INFO] Connecting to Adobe portal: https://auth.services.adobe.com/fr_FR/deeplink.html?deeplink=ssofirst&callback=https%3A%2F%2Fims-na1.adobelogin.com%2Fims%2Fadobeid%2Fadobedotcom2%2FAdobeID%2Ftoken%3Fredirect_uri%3Dhttps%253A%252F%252Faccount.adobe.com%252F%2523from_ims%253Dtrue%2526old_hash%253D%2526api%253Dauthorize%26scope%3DAdobeID%252Copenid%252Cgnav%252Ccreative_cloud%252Ccreative_sdk%252Cprofile%252Caddress%252Cemail%252Cread_organizations%252Cadditional_info.projectedProductContext%252Cadditional_info.roles&client_id=adobedotcom2
[2025-05-29T20:43:42.541Z] [INFO] Attempting to login to Adobe portal
[2025-05-29T20:43:42.541Z] [INFO] Navigating to login URL: https://auth.services.adobe.com/fr_FR/deeplink.html?deeplink=ssofirst&callback=https%3A%2F%2Fims-na1.adobelogin.com%2Fims%2Fadobeid%2Fadobedotcom2%2FAdobeID%2Ftoken%3Fredirect_uri%3Dhttps%253A%252F%252Faccount.adobe.com%252F%2523from_ims%253Dtrue%2526old_hash%253D%2526api%253Dauthorize%26scope%3DAdobeID%252Copenid%252Cgnav%252Ccreative_cloud%252Ccreative_sdk%252Cprofile%252Caddress%252Cemail%252Cread_organizations%252Cadditional_info.projectedProductContext%252Cadditional_info.roles&client_id=adobedotcom2
[2025-05-29T20:43:43.805Z] [INFO] Current page URL after navigation: https://auth.services.adobe.com/fr_FR/deeplink.html?deeplink=ssofirst&callback=https%3A%2F%2Fims-na1.adobelogin.com%2Fims%2Fadobeid%2Fadobedotcom2%2FAdobeID%2Ftoken%3Fredirect_uri%3Dhttps%253A%252F%252Faccount.adobe.com%252F%2523from_ims%253Dtrue%2526old_hash%253D%2526api%253Dauthorize%26scope%3DAdobeID%252Copenid%252Cgnav%252Ccreative_cloud%252Ccreative_sdk%252Cprofile%252Caddress%252Cemail%252Cread_organizations%252Cadditional_info.projectedProductContext%252Cadditional_info.roles&client_id=adobedotcom2#/
[2025-05-29T20:43:43.967Z] [INFO] Screenshot saved to: /Users/fred/PhpstormProjects/easyinvoice/logs/adobe-login-page.png
[2025-05-29T20:43:43.968Z] [INFO] Page title: Adobe ID
[2025-05-29T20:43:43.968Z] [INFO] Waiting for email input field...
[2025-05-29T20:43:43.980Z] [INFO] Email input field found
[2025-05-29T20:43:43.990Z] [INFO] Email filled, clicking continue button...
[2025-05-29T20:43:44.036Z] [INFO] Waiting for password field to become visible...
[2025-05-29T20:43:44.059Z] [INFO] Found loading indicator: [role="progressbar"], waiting for it to disappear...
[2025-05-29T20:44:54.065Z] [WARN] Error waiting for password field to become visible: TimeoutError: page.waitForSelector: Timeout 60000ms exceeded.
Call log:
[2m  - waiting for locator('input[type="password"]:visible, input[name="passwd"]:not([aria-hidden="true"])') to be visible[22m

[2025-05-29T20:44:54.067Z] [INFO] Trying alternative approach to find password field...
[2025-05-29T20:44:59.070Z] [ERROR] Login failed: Error: Password field not found after clicking continue button
[2025-05-29T20:44:59.071Z] [ERROR] Error during Adobe invoice fetch: Error: Password field not found after clicking continue button
[2025-05-29T20:56:31.263Z] [INFO] Starting Adobe invoice fetch process
[2025-05-29T20:56:31.264Z] [INFO] Connecting to Adobe portal: https://auth.services.adobe.com/fr_FR/deeplink.html?deeplink=ssofirst&callback=https%3A%2F%2Fims-na1.adobelogin.com%2Fims%2Fadobeid%2Fadobedotcom2%2FAdobeID%2Ftoken%3Fredirect_uri%3Dhttps%253A%252F%252Faccount.adobe.com%252F%2523from_ims%253Dtrue%2526old_hash%253D%2526api%253Dauthorize%26scope%3DAdobeID%252Copenid%252Cgnav%252Ccreative_cloud%252Ccreative_sdk%252Cprofile%252Caddress%252Cemail%252Cread_organizations%252Cadditional_info.projectedProductContext%252Cadditional_info.roles&client_id=adobedotcom2
[2025-05-29T20:56:31.666Z] [INFO] Attempting to login to Adobe portal
[2025-05-29T20:56:31.666Z] [INFO] Navigating to login URL: https://auth.services.adobe.com/fr_FR/deeplink.html?deeplink=ssofirst&callback=https%3A%2F%2Fims-na1.adobelogin.com%2Fims%2Fadobeid%2Fadobedotcom2%2FAdobeID%2Ftoken%3Fredirect_uri%3Dhttps%253A%252F%252Faccount.adobe.com%252F%2523from_ims%253Dtrue%2526old_hash%253D%2526api%253Dauthorize%26scope%3DAdobeID%252Copenid%252Cgnav%252Ccreative_cloud%252Ccreative_sdk%252Cprofile%252Caddress%252Cemail%252Cread_organizations%252Cadditional_info.projectedProductContext%252Cadditional_info.roles&client_id=adobedotcom2
[2025-05-29T20:56:32.789Z] [INFO] Current page URL after navigation: https://auth.services.adobe.com/fr_FR/deeplink.html?deeplink=ssofirst&callback=https%3A%2F%2Fims-na1.adobelogin.com%2Fims%2Fadobeid%2Fadobedotcom2%2FAdobeID%2Ftoken%3Fredirect_uri%3Dhttps%253A%252F%252Faccount.adobe.com%252F%2523from_ims%253Dtrue%2526old_hash%253D%2526api%253Dauthorize%26scope%3DAdobeID%252Copenid%252Cgnav%252Ccreative_cloud%252Ccreative_sdk%252Cprofile%252Caddress%252Cemail%252Cread_organizations%252Cadditional_info.projectedProductContext%252Cadditional_info.roles&client_id=adobedotcom2#/
[2025-05-29T20:56:32.910Z] [INFO] Screenshot saved to: /Users/fred/PhpstormProjects/easyinvoice/logs/adobe-login-page.png
[2025-05-29T20:56:32.910Z] [INFO] Page title: Adobe ID
[2025-05-29T20:56:32.911Z] [INFO] Waiting for email input field...
[2025-05-29T20:56:32.923Z] [INFO] Email input field found
[2025-05-29T20:56:32.935Z] [INFO] Email filled, clicking continue button...
[2025-05-29T20:56:32.975Z] [INFO] Waiting for password field to become visible...
[2025-05-29T20:56:33.002Z] [INFO] Found loading indicator: [role="progressbar"], waiting for it to disappear...
[2025-05-29T20:57:13.010Z] [WARN] Error waiting for password field to become visible: TimeoutError: page.waitForSelector: Timeout 30000ms exceeded.
Call log:
[2m  - waiting for locator('input[type="password"]:visible, input[name="passwd"]:not([aria-hidden="true"])') to be visible[22m

[2025-05-29T20:57:13.013Z] [INFO] Trying alternative approach to find password field...
[2025-05-29T20:57:18.022Z] [ERROR] Login failed: Error: Password field not found after clicking continue button
[2025-05-29T20:57:18.023Z] [ERROR] Error during Adobe invoice fetch: Error: Password field not found after clicking continue button
[2025-05-29T20:59:35.845Z] [INFO] Starting Adobe invoice fetch process
[2025-05-29T20:59:35.846Z] [INFO] Connecting to Adobe portal: https://auth.services.adobe.com/fr_FR/deeplink.html?deeplink=ssofirst&callback=https%3A%2F%2Fims-na1.adobelogin.com%2Fims%2Fadobeid%2Fadobedotcom2%2FAdobeID%2Ftoken%3Fredirect_uri%3Dhttps%253A%252F%252Faccount.adobe.com%252F%2523from_ims%253Dtrue%2526old_hash%253D%2526api%253Dauthorize%26scope%3DAdobeID%252Copenid%252Cgnav%252Ccreative_cloud%252Ccreative_sdk%252Cprofile%252Caddress%252Cemail%252Cread_organizations%252Cadditional_info.projectedProductContext%252Cadditional_info.roles&client_id=adobedotcom2
[2025-05-29T20:59:36.227Z] [INFO] Attempting to login to Adobe portal
[2025-05-29T20:59:36.227Z] [INFO] Navigating to login URL: https://auth.services.adobe.com/fr_FR/deeplink.html?deeplink=ssofirst&callback=https%3A%2F%2Fims-na1.adobelogin.com%2Fims%2Fadobeid%2Fadobedotcom2%2FAdobeID%2Ftoken%3Fredirect_uri%3Dhttps%253A%252F%252Faccount.adobe.com%252F%2523from_ims%253Dtrue%2526old_hash%253D%2526api%253Dauthorize%26scope%3DAdobeID%252Copenid%252Cgnav%252Ccreative_cloud%252Ccreative_sdk%252Cprofile%252Caddress%252Cemail%252Cread_organizations%252Cadditional_info.projectedProductContext%252Cadditional_info.roles&client_id=adobedotcom2
[2025-05-29T20:59:37.385Z] [INFO] Current page URL after navigation: https://auth.services.adobe.com/fr_FR/deeplink.html?deeplink=ssofirst&callback=https%3A%2F%2Fims-na1.adobelogin.com%2Fims%2Fadobeid%2Fadobedotcom2%2FAdobeID%2Ftoken%3Fredirect_uri%3Dhttps%253A%252F%252Faccount.adobe.com%252F%2523from_ims%253Dtrue%2526old_hash%253D%2526api%253Dauthorize%26scope%3DAdobeID%252Copenid%252Cgnav%252Ccreative_cloud%252Ccreative_sdk%252Cprofile%252Caddress%252Cemail%252Cread_organizations%252Cadditional_info.projectedProductContext%252Cadditional_info.roles&client_id=adobedotcom2#/
[2025-05-29T20:59:37.494Z] [INFO] Screenshot saved to: /Users/fred/PhpstormProjects/easyinvoice/logs/adobe-login-page.png
[2025-05-29T20:59:37.494Z] [INFO] Page title: Adobe ID
[2025-05-29T20:59:37.497Z] [INFO] Waiting for email input field...
[2025-05-29T20:59:37.514Z] [INFO] Email input field found
[2025-05-29T20:59:37.523Z] [INFO] Email filled, clicking continue button...
[2025-05-29T20:59:37.566Z] [INFO] Waiting for password field to become visible...
[2025-05-29T20:59:37.569Z] [INFO] Found loading indicator: [role="progressbar"], waiting for it to disappear...
[2025-05-29T21:00:27.574Z] [WARN] Error waiting for password field to become visible: TimeoutError: page.waitForSelector: Timeout 30000ms exceeded.
Call log:
[2m  - waiting for locator('input[type="password"]:visible, input[name="passwd"]:not([aria-hidden="true"])') to be visible[22m

[2025-05-29T21:00:27.577Z] [INFO] Trying alternative approach to find password field...
[2025-05-29T21:00:32.587Z] [ERROR] Login failed: Error: Password field not found after clicking continue button
[2025-05-29T21:00:32.587Z] [ERROR] Error during Adobe invoice fetch: Error: Password field not found after clicking continue button
[2025-05-29T21:02:58.027Z] [INFO] Starting Adobe invoice fetch process
[2025-05-29T21:02:58.028Z] [INFO] Connecting to Adobe portal: https://auth.services.adobe.com/fr_FR/deeplink.html?deeplink=ssofirst&callback=https%3A%2F%2Fims-na1.adobelogin.com%2Fims%2Fadobeid%2Fadobedotcom2%2FAdobeID%2Ftoken%3Fredirect_uri%3Dhttps%253A%252F%252Faccount.adobe.com%252F%2523from_ims%253Dtrue%2526old_hash%253D%2526api%253Dauthorize%26scope%3DAdobeID%252Copenid%252Cgnav%252Ccreative_cloud%252Ccreative_sdk%252Cprofile%252Caddress%252Cemail%252Cread_organizations%252Cadditional_info.projectedProductContext%252Cadditional_info.roles&client_id=adobedotcom2
[2025-05-29T21:02:58.393Z] [INFO] Attempting to login to Adobe portal
[2025-05-29T21:02:58.393Z] [INFO] Navigating to login URL:
[2025-05-29T21:02:59.799Z] [INFO] Current page URL after navigation: 
[2025-05-29T21:02:59.932Z] [INFO] Screenshot saved to: /Users/fred/PhpstormProjects/easyinvoice/logs/adobe-login-page.png
[2025-05-29T21:02:59.933Z] [INFO] Page title: Adobe ID
[2025-05-29T21:02:59.933Z] [INFO] Waiting for email input field...
[2025-05-29T21:02:59.946Z] [INFO] Email input field found
[2025-05-29T21:02:59.959Z] [INFO] Email filled, clicking continue button...
[2025-05-29T21:03:02.022Z] [INFO] Navigating to password page URL: https://auth.services.adobe.com/fr_FR/deeplink.html#/password
[2025-05-29T21:03:02.258Z] [INFO] Current URL after navigating to password page: https://auth.services.adobe.com/fr_FR/deeplink.html#/deeplink
[2025-05-29T21:03:02.296Z] [INFO] Screenshot after navigating to password page saved to: /Users/fred/PhpstormProjects/easyinvoice/logs/adobe-password-page-navigation.png
[2025-05-29T21:03:02.296Z] [INFO] Waiting for password field to become visible...
[2025-05-29T21:03:02.303Z] [INFO] Found loading indicator: [role="progressbar"], waiting for it to disappear...
[2025-05-29T21:03:52.305Z] [WARN] Error waiting for password field to become visible: TimeoutError: page.waitForSelector: Timeout 30000ms exceeded.
Call log:
[2m  - waiting for locator('input[type="password"]:visible, input[name="passwd"]:not([aria-hidden="true"])') to be visible[22m

[2025-05-29T21:03:52.306Z] [INFO] Trying alternative approach to find password field...
[2025-05-29T21:03:57.310Z] [ERROR] Login failed: Error: Password field not found after clicking continue button
[2025-05-29T21:03:57.311Z] [ERROR] Error during Adobe invoice fetch: Error: Password field not found after clicking continue button
